<?xml version="1.0" encoding="UTF-8"?>
<testng-results skipped="0" failed="0" ignored="0" total="1" passed="1">
  <reporter-output>
  </reporter-output>
  <suite name="VM.Selenium_Maven.AppTest" duration-ms="10759" started-at="2018-09-25T11:08:02Z" finished-at="2018-09-25T11:08:12Z">
    <groups>
    </groups>
    <test name="Command line test" duration-ms="10759" started-at="2018-09-25T11:08:02Z" finished-at="2018-09-25T11:08:12Z">
      <class name="VM.Selenium_Maven.AppTest">
        <test-method status="PASS" signature="main1()[pri:0, instance:VM.Selenium_Maven.AppTest@2f7a2457]" name="main1" duration-ms="10734" started-at="2018-09-25T16:38:02Z" finished-at="2018-09-25T16:38:12Z">
          <reporter-output>
          </reporter-output>
        </test-method> <!-- main1 -->
      </class> <!-- VM.Selenium_Maven.AppTest -->
    </test> <!-- Command line test -->
  </suite> <!-- VM.Selenium_Maven.AppTest -->
</testng-results>
